d:\3-2\gamesoftwareenginerring\gse_project\gse_2_-_2015182002\simplegame_real\simplegame\x64\debug\simplegame.pch
d:\3-2\gamesoftwareenginerring\gse_project\gse_2_-_2015182002\simplegame_real\simplegame\x64\debug\vc141.pdb
d:\3-2\gamesoftwareenginerring\gse_project\gse_2_-_2015182002\simplegame_real\simplegame\x64\debug\vc141.idb
d:\3-2\gamesoftwareenginerring\gse_project\gse_2_-_2015182002\simplegame_real\simplegame\x64\debug\stdafx.obj
d:\3-2\gamesoftwareenginerring\gse_project\gse_2_-_2015182002\simplegame_real\simplegame\x64\debug\cobj.obj
d:\3-2\gamesoftwareenginerring\gse_project\gse_2_-_2015182002\simplegame_real\simplegame\x64\debug\cscenemgr.obj
d:\3-2\gamesoftwareenginerring\gse_project\gse_2_-_2015182002\simplegame_real\simplegame\x64\debug\loadpng.obj
d:\3-2\gamesoftwareenginerring\gse_project\gse_2_-_2015182002\simplegame_real\simplegame\x64\debug\renderer.obj
d:\3-2\gamesoftwareenginerring\gse_project\gse_2_-_2015182002\simplegame_real\simplegame\x64\debug\simplegame.obj
d:\3-2\gamesoftwareenginerring\gse_project\gse_2_-_2015182002\simplegame_real\simplegame\x64\debug\sound.obj
d:\3-2\gamesoftwareenginerring\gse_project\gse_2_-_2015182002\simplegame_real\simplegame\x64\debug\cmonster.obj
d:\3-2\gamesoftwareenginerring\gse_project\gse_2_-_2015182002\simplegame_real\x64\debug\simplegame.exe
d:\3-2\gamesoftwareenginerring\gse_project\gse_2_-_2015182002\simplegame_real\x64\debug\simplegame.ilk
d:\3-2\gamesoftwareenginerring\gse_project\gse_2_-_2015182002\simplegame_real\x64\debug\simplegame.pdb
d:\3-2\gamesoftwareenginerring\gse_project\gse_2_-_2015182002\simplegame_real\simplegame\x64\debug\simplegame.tlog\cl.read.1.tlog
d:\3-2\gamesoftwareenginerring\gse_project\gse_2_-_2015182002\simplegame_real\simplegame\x64\debug\simplegame.tlog\cl.write.1.tlog
d:\3-2\gamesoftwareenginerring\gse_project\gse_2_-_2015182002\simplegame_real\simplegame\x64\debug\simplegame.tlog\cl.command.1.tlog
d:\3-2\gamesoftwareenginerring\gse_project\gse_2_-_2015182002\simplegame_real\simplegame\x64\debug\simplegame.tlog\link.command.1.tlog
d:\3-2\gamesoftwareenginerring\gse_project\gse_2_-_2015182002\simplegame_real\simplegame\x64\debug\simplegame.tlog\link.read.1.tlog
d:\3-2\gamesoftwareenginerring\gse_project\gse_2_-_2015182002\simplegame_real\simplegame\x64\debug\simplegame.tlog\link.write.1.tlog
