  CSceneMgr.cpp
d:\3-2\gamesoftwareenginerring\gse_project\gse_2_-_2015182002\simplegame_real\simplegame\cscenemgr.cpp(43): warning C4244: '+=': 'double'에서 'float'(으)로 변환하면서 데이터가 손실될 수 있습니다.
d:\3-2\gamesoftwareenginerring\gse_project\gse_2_-_2015182002\simplegame_real\simplegame\cscenemgr.cpp(120): warning C4305: '+=': 'double'에서 'float'(으)로 잘립니다.
d:\3-2\gamesoftwareenginerring\gse_project\gse_2_-_2015182002\simplegame_real\simplegame\cscenemgr.cpp(121): warning C4305: '-=': 'double'에서 'float'(으)로 잘립니다.
d:\3-2\gamesoftwareenginerring\gse_project\gse_2_-_2015182002\simplegame_real\simplegame\cscenemgr.cpp(210): warning C4244: '초기화 중': 'float'에서 'int'(으)로 변환하면서 데이터가 손실될 수 있습니다.
d:\3-2\gamesoftwareenginerring\gse_project\gse_2_-_2015182002\simplegame_real\simplegame\cscenemgr.cpp(219): warning C4244: '초기화 중': 'float'에서 'int'(으)로 변환하면서 데이터가 손실될 수 있습니다.
d:\3-2\gamesoftwareenginerring\gse_project\gse_2_-_2015182002\simplegame_real\simplegame\cscenemgr.cpp(226): warning C4244: '초기화 중': 'float'에서 'int'(으)로 변환하면서 데이터가 손실될 수 있습니다.
d:\3-2\gamesoftwareenginerring\gse_project\gse_2_-_2015182002\simplegame_real\simplegame\cscenemgr.cpp(233): warning C4244: '초기화 중': 'float'에서 'int'(으)로 변환하면서 데이터가 손실될 수 있습니다.
d:\3-2\gamesoftwareenginerring\gse_project\gse_2_-_2015182002\simplegame_real\simplegame\cscenemgr.cpp(241): warning C4244: '초기화 중': 'float'에서 'int'(으)로 변환하면서 데이터가 손실될 수 있습니다.
d:\3-2\gamesoftwareenginerring\gse_project\gse_2_-_2015182002\simplegame_real\simplegame\cscenemgr.cpp(250): warning C4244: '초기화 중': 'float'에서 'int'(으)로 변환하면서 데이터가 손실될 수 있습니다.
d:\3-2\gamesoftwareenginerring\gse_project\gse_2_-_2015182002\simplegame_real\simplegame\cscenemgr.cpp(259): warning C4244: '초기화 중': 'float'에서 'int'(으)로 변환하면서 데이터가 손실될 수 있습니다.
d:\3-2\gamesoftwareenginerring\gse_project\gse_2_-_2015182002\simplegame_real\simplegame\cscenemgr.cpp(267): warning C4244: '초기화 중': 'float'에서 'int'(으)로 변환하면서 데이터가 손실될 수 있습니다.
d:\3-2\gamesoftwareenginerring\gse_project\gse_2_-_2015182002\simplegame_real\simplegame\cscenemgr.cpp(276): warning C4244: '초기화 중': 'float'에서 'int'(으)로 변환하면서 데이터가 손실될 수 있습니다.
d:\3-2\gamesoftwareenginerring\gse_project\gse_2_-_2015182002\simplegame_real\simplegame\cscenemgr.cpp(283): warning C4244: '초기화 중': 'float'에서 'int'(으)로 변환하면서 데이터가 손실될 수 있습니다.
d:\3-2\gamesoftwareenginerring\gse_project\gse_2_-_2015182002\simplegame_real\simplegame\cscenemgr.cpp(292): warning C4244: '초기화 중': 'float'에서 'int'(으)로 변환하면서 데이터가 손실될 수 있습니다.
d:\3-2\gamesoftwareenginerring\gse_project\gse_2_-_2015182002\simplegame_real\simplegame\cscenemgr.cpp(301): warning C4244: '초기화 중': 'float'에서 'int'(으)로 변환하면서 데이터가 손실될 수 있습니다.
d:\3-2\gamesoftwareenginerring\gse_project\gse_2_-_2015182002\simplegame_real\simplegame\cscenemgr.cpp(311): warning C4244: '초기화 중': 'float'에서 'int'(으)로 변환하면서 데이터가 손실될 수 있습니다.
d:\3-2\gamesoftwareenginerring\gse_project\gse_2_-_2015182002\simplegame_real\simplegame\cscenemgr.cpp(320): warning C4244: '초기화 중': 'float'에서 'int'(으)로 변환하면서 데이터가 손실될 수 있습니다.
d:\3-2\gamesoftwareenginerring\gse_project\gse_2_-_2015182002\simplegame_real\simplegame\cscenemgr.cpp(347): warning C4244: '초기화 중': 'float'에서 'int'(으)로 변환하면서 데이터가 손실될 수 있습니다.
d:\3-2\gamesoftwareenginerring\gse_project\gse_2_-_2015182002\simplegame_real\simplegame\cscenemgr.cpp(355): warning C4244: '초기화 중': 'float'에서 'int'(으)로 변환하면서 데이터가 손실될 수 있습니다.
d:\3-2\gamesoftwareenginerring\gse_project\gse_2_-_2015182002\simplegame_real\simplegame\cscenemgr.cpp(455): warning C4552: '<': 의미 없는 연산자입니다. 파생 작업이 있는 연산자여야 합니다.
d:\3-2\gamesoftwareenginerring\gse_project\gse_2_-_2015182002\simplegame_real\simplegame\cscenemgr.cpp(462): warning C4552: '<': 의미 없는 연산자입니다. 파생 작업이 있는 연산자여야 합니다.
d:\3-2\gamesoftwareenginerring\gse_project\gse_2_-_2015182002\simplegame_real\simplegame\cscenemgr.cpp(553): warning C4305: '=': 'double'에서 'float'(으)로 잘립니다.
d:\3-2\gamesoftwareenginerring\gse_project\gse_2_-_2015182002\simplegame_real\simplegame\cscenemgr.cpp(554): warning C4305: '=': 'double'에서 'float'(으)로 잘립니다.
d:\3-2\gamesoftwareenginerring\gse_project\gse_2_-_2015182002\simplegame_real\simplegame\cscenemgr.cpp(362): warning C4715: 'CSceneMgr::SameSollision': 모든 제어 경로에서 값을 반환하지는 않습니다.
d:\3-2\gamesoftwareenginerring\gse_project\gse_2_-_2015182002\simplegame_real\simplegame\cscenemgr.cpp(390): warning C4715: 'CSceneMgr::Same_Team_Collision': 모든 제어 경로에서 값을 반환하지는 않습니다.
d:\3-2\gamesoftwareenginerring\gse_project\gse_2_-_2015182002\simplegame_real\simplegame\cscenemgr.cpp(502): warning C4715: 'CSceneMgr::GetResource': 모든 제어 경로에서 값을 반환하지는 않습니다.
d:\3-2\gamesoftwareenginerring\gse_project\gse_2_-_2015182002\simplegame_real\simplegame\cscenemgr.cpp(524): warning C4715: 'CSceneMgr::GetResource': 모든 제어 경로에서 값을 반환하지는 않습니다.
  SimpleGame.vcxproj -> D:\3-2\GameSoftwareEnginerring\GSE_Project\GSE_2_-_2015182002\SimpleGame_Real\x64\Debug\SimpleGame.exe
  SimpleGame.vcxproj -> D:\3-2\GameSoftwareEnginerring\GSE_Project\GSE_2_-_2015182002\SimpleGame_Real\x64\Debug\SimpleGame.pdb (Partial PDB)
